This file contains any messages produced by compilers while
running configure, to aid debugging if configure makes a mistake.

It was created by MaGe configure 0, which was
generated by GNU Autoconf 2.69.  Invocation command line was

  $ ./configure --without-sandbox --with-rootsys=/usr/local/root --disable-g4gdml --prefix=/home/gold/XenonDoping

## --------- ##
## Platform. ##
## --------- ##

hostname = nupacs1-phys-unm-edu
uname -m = x86_64
uname -r = 3.10.0-693.21.1.el7.x86_64
uname -s = Linux
uname -v = #1 SMP Wed Mar 7 19:03:37 UTC 2018

/usr/bin/uname -p = x86_64
/bin/uname -X     = unknown

/bin/arch              = x86_64
/usr/bin/arch -k       = unknown
/usr/convex/getsysinfo = unknown
/usr/bin/hostinfo      = unknown
/bin/machine           = unknown
/usr/bin/oslevel       = unknown
/bin/universe          = unknown

PATH: /home/gold/MGDO/bin
PATH: /usr/local/root/bin
PATH: /home/admin/bin
PATH: /home/gold/MaGe/bin/Linux-g++
PATH: /home/gold/MaGe/bin/Linux-g++
PATH: /home/admin/geant4.10.04-build
PATH: /home/gold/MGDO/bin
PATH: /home/admin/bin
PATH: /home/gold/MaGe/bin/Linux-g++
PATH: /home/gold/MaGe/bin/Linux-g++
PATH: /home/admin/geant4.10.04-build
PATH: /home/gold/MGDO/bin
PATH: /usr/local/CLHEP/bin
PATH: /home/gold/MaGe/bin/Linux-g++
PATH: /home/gold/MaGe/bin/Linux-g++
PATH: /home/admin/geant4.10.04-build
PATH: /home/gold/MGDO/bin
PATH: /home/admin/bin
PATH: /home/gold/MaGe/bin/Linux-g++
PATH: /home/gold/MaGe/bin/Linux-g++
PATH: /home/admin/geant4.10.04-build
PATH: /home/gold/geant4_workdir/bin/Linux-g++
PATH: /home/admin/geant4.10.04-build
PATH: .
PATH: /usr/local/bin
PATH: /usr/bin
PATH: /usr/local/sbin
PATH: /usr/sbin
PATH: /home/gold/.local/bin
PATH: /home/gold/bin
PATH: /usr/local/bin
PATH: /usr/local/julia
PATH: /home/gold/Xe/bin/Linux-g++


## ----------- ##
## Core tests. ##
## ----------- ##

configure:1803: checking for a BSD-compatible install
configure:1871: result: /usr/bin/install -c
configure:1883: checking for grep that handles long lines and -e
configure:1941: result: /usr/bin/grep
configure:1946: checking for a sed that does not truncate output
configure:2010: result: /usr/bin/sed
configure:2020: checking build system type
configure:2034: result: x86_64-unknown-linux-gnu
configure:2054: checking host system type
configure:2067: result: x86_64-unknown-linux-gnu
configure:2129: checking for geant4-config
configure:2147: found /home/admin/geant4.10.04-build/geant4-config
configure:2160: result: /home/admin/geant4.10.04-build/geant4-config
configure:2211: checking for /home/admin/geant4.10.04/config/binmake.gmk
configure:2225: result: yes
configure:2297: checking for root-config
configure:2315: found /usr/local/root/bin/root-config
configure:2328: result: /usr/local/root/bin/root-config
configure:2338: checking for root
configure:2356: found /usr/local/root/bin/root
configure:2369: result: /usr/local/root/bin/root
configure:2379: checking for rootcint
configure:2397: found /usr/local/root/bin/rootcint
configure:2410: result: /usr/local/root/bin/rootcint
configure:2420: checking for rootcling
configure:2438: found /usr/local/root/bin/rootcling
configure:2451: result: /usr/local/root/bin/rootcling
configure:2461: checking for rlibmap
configure:2492: result: false
configure:2599: checking for mgdo-config
configure:2630: result: no
configure:2724: checking for /home/gold/MGDO/Base/MGDOUtils.hh
configure:2738: result: yes
configure:2747: checking for /home/gold/MGDO/Root/MGTDataObject.hh
configure:2761: result: yes
configure:2770: checking for /home/gold/MGDO/Transforms/MGWFAddNoise.hh
configure:2784: result: yes
configure:2793: checking for /home/gold/MGDO/Gerda/GETSiegfriedIICrystalData.hh
configure:2807: result: yes
configure:3237: creating ./config.status

## ---------------------- ##
## Running config.status. ##
## ---------------------- ##

This file was extended by MaGe config.status 0, which was
generated by GNU Autoconf 2.69.  Invocation command line was

  CONFIG_FILES    = 
  CONFIG_HEADERS  = 
  CONFIG_LINKS    = 
  CONFIG_COMMANDS = 
  $ ./config.status 

on nupacs1-phys-unm-edu

config.status:800: creating setup.csh
config.status:800: creating setup.sh
config.status:800: creating mage-config
config.status:800: creating buildTools/config.mk
config.status:903: WARNING:  'buildTools/config.mk.in' seems to ignore the --datarootdir setting
config.status:800: creating buildTools/rootsomake.mk
config.status:800: creating buildTools/mgbin.mk
config.status:800: creating buildTools/install.mk
config.status:800: creating buildTools/noinstall.mk
config.status:800: creating GNUmakefile
config.status:800: creating analysis/GNUmakefile
config.status:800: creating generators/GNUmakefile
config.status:800: creating geometry/GNUmakefile
config.status:800: creating gerdageometry/GNUmakefile
config.status:800: creating gerdaio/GNUmakefile
config.status:800: creating io/GNUmakefile
config.status:800: creating management/GNUmakefile
config.status:800: creating materials/GNUmakefile
config.status:800: creating mjgeometry/GNUmakefile
config.status:800: creating mjdemonstrator/GNUmakefile
config.status:800: creating mjio/GNUmakefile
config.status:800: creating mjprocessors/GNUmakefile
config.status:800: creating munichteststand/GNUmakefile
config.status:800: creating lngsgesetups/GNUmakefile
config.status:800: creating processes/GNUmakefile
config.status:800: creating sandbox/GNUmakefile
config.status:800: creating tonscalegeometry/GNUmakefile
config.status:800: creating waveform/GNUmakefile
config.status:800: creating legendgeometry/GNUmakefile
config.status:800: creating legendio/GNUmakefile
config.status:800: creating bacongeometry/GNUmakefile
configure:4273: WARNING: unrecognized options: --without-sandbox

## ---------------- ##
## Cache variables. ##
## ---------------- ##

ac_cv_build=x86_64-unknown-linux-gnu
ac_cv_env_build_alias_set=
ac_cv_env_build_alias_value=
ac_cv_env_host_alias_set=
ac_cv_env_host_alias_value=
ac_cv_env_target_alias_set=
ac_cv_env_target_alias_value=
ac_cv_file__home_admin_geant4_10_04_config_binmake_gmk=yes
ac_cv_file__home_gold_MGDO_Base_MGDOUtils_hh=yes
ac_cv_file__home_gold_MGDO_Gerda_GETSiegfriedIICrystalData_hh=yes
ac_cv_file__home_gold_MGDO_Root_MGTDataObject_hh=yes
ac_cv_file__home_gold_MGDO_Transforms_MGWFAddNoise_hh=yes
ac_cv_host=x86_64-unknown-linux-gnu
ac_cv_path_GEANT4_CONFIG=/home/admin/geant4.10.04-build/geant4-config
ac_cv_path_GREP=/usr/bin/grep
ac_cv_path_MGDOCONF=no
ac_cv_path_RLIBMAP=false
ac_cv_path_ROOTCINT=/usr/local/root/bin/rootcint
ac_cv_path_ROOTCLING=/usr/local/root/bin/rootcling
ac_cv_path_ROOTCONF=/usr/local/root/bin/root-config
ac_cv_path_ROOTEXEC=/usr/local/root/bin/root
ac_cv_path_SED=/usr/bin/sed
ac_cv_path_install='/usr/bin/install -c'

## ----------------- ##
## Output variables. ##
## ----------------- ##

CLHEP_BASE_DIR='/home/admin'
CLHEP_INCLUDE_DIR='/home/admin/CLHEP_BUILD'
CLHEP_LIB_DIR='/home/admin/CLHEP_BUILD/lib'
CPPFLAGS=''
CPPVERBOSE=''
DEFS='-DPACKAGE_NAME=\"MaGe\" -DPACKAGE_TARNAME=\"mage\" -DPACKAGE_VERSION=\"0\" -DPACKAGE_STRING=\"MaGe\ 0\" -DPACKAGE_BUGREPORT=\"\" -DPACKAGE_URL=\"\"'
ECHO_C=''
ECHO_N='-n'
ECHO_T=''
EXTRACPPFLAGS='-O2 -fPIC'
EXTRALIBS=''
G4GDML_LIBS=''
G4GDML_LIB_DIR=''
G4INCLUDE='/home/admin/geant4.10.04/this_is_a_deliberate_dummy_path'
G4INSTALL='/home/admin/geant4.10.04'
G4LIB='/home/admin/geant4.10.04-build/BuildProducts/lib64'
G4SYSTEM='Linux-g++'
G4VIS_USE_OPENGLQT=''
G4VIS_USE_OPENGLX='1'
G4VIS_USE_OPENGLXM=''
G4VIS_USE_RAYTRACERX=''
G4WORKDIR='/home/gold/XenonDoping'
GEANT4_CONFIG='/home/admin/geant4.10.04-build/geant4-config'
GREP='/usr/bin/grep'
INSTALL_DATA='${INSTALL} -m 644'
INSTALL_PROGRAM='${INSTALL}'
INSTALL_SCRIPT='${INSTALL}'
LDFLAGS=''
LIBOBJS=''
LIBS=''
LTLIBOBJS=''
MAGEDIR='/home/gold/Xe'
MGDOCONF='no'
MGDODIR='/home/gold/MGDO'
MGDO_CFLAGS='-I/home/gold/MGDO/Base -I/home/gold/MGDO/Root -I/home/gold/MGDO/Transforms  -I/home/gold/MGDO/Gerda'
MGDO_LIBS='-L/home/gold/MGDO/lib -lMGDOBase -lMGDORoot -lMGDOTransforms -lMGDOGerda'
MGLIBEXTSHARED='so'
MGSKIPLIBS='mjprocessors'
NO_G4GDML_FLAG='-DMG_NO_G4GDML'
PACKAGE_BUGREPORT=''
PACKAGE_NAME='MaGe'
PACKAGE_STRING='MaGe 0'
PACKAGE_TARNAME='mage'
PACKAGE_URL=''
PACKAGE_VERSION='0'
PATH_SEPARATOR=':'
RLIBMAP='false'
ROOTAUXCFLAGS='-pthread -std=c++11 -m64'
ROOTAUXLIBS='-pthread -lm -ldl -rdynamic'
ROOTCFLAGS='-I/usr/local/root/include'
ROOTCINT='/usr/local/root/bin/rootcint'
ROOTCLING='/usr/local/root/bin/rootcling'
ROOTCONF='/usr/local/root/bin/root-config'
ROOTEXEC='/usr/local/root/bin/root'
ROOTGLIBS='-lGui -lCore -lImt -lRIO -lNet -lHist -lGraf -lGraf3d -lGpad -lROOTDataFrame -lROOTVecOps -lTree -lTreePlayer -lRint -lPostscript -lMatrix -lPhysics -lMathCore -lThread -lMultiProc'
ROOTINCDIR='/usr/local/root/include'
ROOTLIBDIR='/usr/local/root/lib'
ROOTLIBS='-lCore -lImt -lRIO -lNet -lHist -lGraf -lGraf3d -lGpad -lROOTDataFrame -lROOTVecOps -lTree -lTreePlayer -lRint -lPostscript -lMatrix -lPhysics -lMathCore -lThread -lMultiProc'
ROOTRPATH='/usr/local/root/lib'
ROOTSOFLAGS='-shared -fPIC'
ROOTSYS='/usr/local/root'
SED='/usr/bin/sed'
SHELL='/bin/sh'
SILENCEG4ENV=''
bindir='${exec_prefix}/bin'
build='x86_64-unknown-linux-gnu'
build_alias=''
build_cpu='x86_64'
build_os='linux-gnu'
build_vendor='unknown'
datadir='${datarootdir}'
datarootdir='${prefix}/share'
docdir='${datarootdir}/doc/${PACKAGE_TARNAME}'
dvidir='${docdir}'
exec_prefix='${prefix}'
host='x86_64-unknown-linux-gnu'
host_alias=''
host_cpu='x86_64'
host_os='linux-gnu'
host_vendor='unknown'
htmldir='${docdir}'
includedir='${prefix}/include'
infodir='${datarootdir}/info'
libdir='${exec_prefix}/lib'
libexecdir='${exec_prefix}/libexec'
localedir='${datarootdir}/locale'
localstatedir='${prefix}/var'
mandir='${datarootdir}/man'
oldincludedir='/usr/include'
pdfdir='${docdir}'
prefix='/home/gold/XenonDoping'
program_transform_name='s,x,x,'
psdir='${docdir}'
sbindir='${exec_prefix}/sbin'
sharedstatedir='${prefix}/com'
sysconfdir='${prefix}/etc'
target_alias=''

## ----------- ##
## confdefs.h. ##
## ----------- ##

/* confdefs.h */
#define PACKAGE_NAME "MaGe"
#define PACKAGE_TARNAME "mage"
#define PACKAGE_VERSION "0"
#define PACKAGE_STRING "MaGe 0"
#define PACKAGE_BUGREPORT ""
#define PACKAGE_URL ""

configure: exit 0
